<?xml version="1.0" encoding="UTF-8"?>
<!-- Generated by org.testng.reporters.JUnitReportReporter -->
<testsuite hostname="Jarvis" failures="0" tests="1" name="com.automationtesting.OrderCompleteTest" time="2.726" errors="0" timestamp="2023-03-23T20:17:14 IST" skipped="0">
  <testcase classname="com.automationtesting.OrderCompleteTest" name="endToEndTest" time="2.726"/>
  <system-out/>
</testsuite> <!-- com.automationtesting.OrderCompleteTest -->
